<?xml version="1.0" encoding="UTF-8"?>
<testsuite name="tests.ValidationTests" tests="3" skipped="0" failures="0" errors="0" timestamp="2026-08-12T12:10:56" hostname="MacBook-Pro-Gaukhar.local" time="37.629">
  <properties/>
  <testcase name="wrongEmailForm()" classname="tests.ValidationTests" time="13.264"/>
  <testcase name="shortMobileNumber()" classname="tests.ValidationTests" time="12.262"/>
  <testcase name="emptyLastNameTest()" classname="tests.ValidationTests" time="12.103"/>
  <system-out><![CDATA[]]></system-out>
  <system-err><![CDATA[SLF4J(W): No SLF4J providers were found.
SLF4J(W): Defaulting to no-operation (NOP) logger implementation
SLF4J(W): See https://www.slf4j.org/codes.html#noProviders for further details.
авг. 12, 2026 5:11:02 PM org.openqa.selenium.devtools.CdpVersionFinder findNearestMatch
WARNING: Unable to find CDP implementation matching 151
авг. 12, 2026 5:11:02 PM org.openqa.selenium.chromium.ChromiumDriver lambda$new$4
WARNING: Unable to find version of CDP to use for 151.0.7922.110. You may need to include a dependency on a specific version of the CDP using something similar to `org.seleniumhq.selenium:selenium-devtools-v86:4.29.0` where the version ("v86") matches the version of the chromium-based browser you're using and the version number of the artifact is the same as Selenium's.
авг. 12, 2026 5:11:15 PM org.openqa.selenium.devtools.CdpVersionFinder findNearestMatch
WARNING: Unable to find CDP implementation matching 151
авг. 12, 2026 5:11:15 PM org.openqa.selenium.chromium.ChromiumDriver lambda$new$4
WARNING: Unable to find version of CDP to use for 151.0.7922.110. You may need to include a dependency on a specific version of the CDP using something similar to `org.seleniumhq.selenium:selenium-devtools-v86:4.29.0` where the version ("v86") matches the version of the chromium-based browser you're using and the version number of the artifact is the same as Selenium's.
авг. 12, 2026 5:11:27 PM org.openqa.selenium.devtools.CdpVersionFinder findNearestMatch
WARNING: Unable to find CDP implementation matching 151
авг. 12, 2026 5:11:27 PM org.openqa.selenium.chromium.ChromiumDriver lambda$new$4
WARNING: Unable to find version of CDP to use for 151.0.7922.110. You may need to include a dependency on a specific version of the CDP using something similar to `org.seleniumhq.selenium:selenium-devtools-v86:4.29.0` where the version ("v86") matches the version of the chromium-based browser you're using and the version number of the artifact is the same as Selenium's.
]]></system-err>
</testsuite>
