<?xml version="1.0" encoding="UTF-8"?>
<testsuite name="MyFirstFormTest" tests="1" skipped="0" failures="0" errors="0" timestamp="2026-05-28T12:05:54" hostname="MacBook-Pro-Gaukhar.local" time="9.067">
  <properties/>
  <testcase name="fillFormTest()" classname="MyFirstFormTest" time="9.067"/>
  <system-out><![CDATA[]]></system-out>
  <system-err><![CDATA[SLF4J(W): No SLF4J providers were found.
SLF4J(W): Defaulting to no-operation (NOP) logger implementation
SLF4J(W): See https://www.slf4j.org/codes.html#noProviders for further details.
мая 28, 2026 5:06:01 PM org.openqa.selenium.devtools.CdpVersionFinder findNearestMatch
WARNING: Unable to find CDP implementation matching 148
мая 28, 2026 5:06:01 PM org.openqa.selenium.chromium.ChromiumDriver lambda$new$5
WARNING: Unable to find version of CDP to use for 148.0.7778.215. You may need to include a dependency on a specific version of the CDP using something similar to `org.seleniumhq.selenium:selenium-devtools-v86:4.19.1` where the version ("v86") matches the version of the chromium-based browser you're using and the version number of the artifact is the same as Selenium's.
]]></system-err>
</testsuite>
